  main.c
D:\CFD课题组\CFD组会练习1\BDF1\C语言实现\C语言实现\main.c(125,3): warning C4013: “memset”未定义；假设外部返回 int
D:\CFD课题组\CFD组会练习1\BDF1\C语言实现\C语言实现\main.c(249,21): warning C4244: “函数”: 从“const double”转换到“int”，可能丢失数据
D:\CFD课题组\CFD组会练习1\BDF1\C语言实现\C语言实现\main.c(249,29): warning C4244: “函数”: 从“const double”转换到“int”，可能丢失数据
D:\CFD课题组\CFD组会练习1\BDF1\C语言实现\C语言实现\main.c(250,22): warning C4244: “函数”: 从“const double”转换到“int”，可能丢失数据
D:\CFD课题组\CFD组会练习1\BDF1\C语言实现\C语言实现\main.c(250,32): warning C4244: “函数”: 从“const double”转换到“int”，可能丢失数据
D:\CFD课题组\CFD组会练习1\BDF1\C语言实现\C语言实现\main.c(251,22): warning C4244: “函数”: 从“const double”转换到“int”，可能丢失数据
D:\CFD课题组\CFD组会练习1\BDF1\C语言实现\C语言实现\main.c(251,32): warning C4244: “函数”: 从“const double”转换到“int”，可能丢失数据
D:\CFD课题组\CFD组会练习1\BDF1\C语言实现\C语言实现\main.c(252,21): warning C4244: “函数”: 从“const double”转换到“int”，可能丢失数据
D:\CFD课题组\CFD组会练习1\BDF1\C语言实现\C语言实现\main.c(252,31): warning C4244: “函数”: 从“const double”转换到“int”，可能丢失数据
D:\CFD课题组\CFD组会练习1\BDF1\C语言实现\C语言实现\main.c(476,19): warning C4244: “函数”: 从“const double”转换到“int”，可能丢失数据
D:\CFD课题组\CFD组会练习1\BDF1\C语言实现\C语言实现\main.c(476,29): warning C4244: “函数”: 从“const double”转换到“int”，可能丢失数据
D:\CFD课题组\CFD组会练习1\BDF1\C语言实现\C语言实现\main.c(488,63): warning C4244: “函数”: 从“const double”转换到“int”，可能丢失数据
D:\CFD课题组\CFD组会练习1\BDF1\C语言实现\C语言实现\main.c(488,190): warning C4244: “函数”: 从“const double”转换到“int”，可能丢失数据
D:\CFD课题组\CFD组会练习1\BDF1\C语言实现\C语言实现\main.c(556,31): warning C4244: “函数”: 从“const double”转换到“size_t”，可能丢失数据
D:\CFD课题组\CFD组会练习1\BDF1\C语言实现\C语言实现\main.c(684,21): warning C4244: “函数”: 从“const double”转换到“int”，可能丢失数据
D:\CFD课题组\CFD组会练习1\BDF1\C语言实现\C语言实现\main.c(685,21): warning C4244: “函数”: 从“const double”转换到“int”，可能丢失数据
D:\CFD课题组\CFD组会练习1\BDF1\C语言实现\C语言实现\main.c(686,21): warning C4244: “函数”: 从“const double”转换到“int”，可能丢失数据
D:\CFD课题组\CFD组会练习1\BDF1\C语言实现\C语言实现\main.c(687,20): warning C4244: “函数”: 从“const double”转换到“int”，可能丢失数据
  C语言实现.vcxproj -> D:\CFD课题组\CFD组会练习1\BDF1\C语言实现\x64\Debug\C语言实现.exe
